
2020-06-01 16:17:37
[ERROR]-[Thread: main]-[com.jfinal.core.Config.startPlugins()]: Plugin start error: com.jfinal.plugin.activerecord.ActiveRecordPlugin. 
org.postgresql.util.PSQLException: ERROR: relation "mem_unit_institution" does not exist
  位置：15
com.jfinal.plugin.activerecord.ActiveRecordException: org.postgresql.util.PSQLException: ERROR: relation "mem_unit_institution" does not exist
  位置：15
	at com.jfinal.plugin.activerecord.TableBuilder.build(TableBuilder.java:55)
	at com.jfinal.plugin.activerecord.ActiveRecordPlugin.start(ActiveRecordPlugin.java:226)
	at com.jfinal.core.Config.startPlugins(Config.java:128)
	at com.jfinal.core.Config.configPluginWithOrder(Config.java:71)
	at com.jfinal.core.Config.configJFinal(Config.java:56)
	at com.jfinal.core.JFinal.init(JFinal.java:61)
	at com.jfinal.core.JFinalFilter.init(JFinalFilter.java:63)
	at io.undertow.servlet.core.LifecyleInterceptorInvocation.proceed(LifecyleInterceptorInvocation.java:111)
	at io.undertow.servlet.core.ManagedFilter.createFilter(ManagedFilter.java:80)
	at io.undertow.servlet.core.DeploymentManagerImpl$2.call(DeploymentManagerImpl.java:589)
	at io.undertow.servlet.core.DeploymentManagerImpl$2.call(DeploymentManagerImpl.java:554)
	at io.undertow.servlet.core.ServletRequestContextThreadSetupAction$1.call(ServletRequestContextThreadSetupAction.java:42)
	at io.undertow.servlet.core.ContextClassLoaderSetupAction$1.call(ContextClassLoaderSetupAction.java:43)
	at io.undertow.servlet.core.DeploymentManagerImpl.start(DeploymentManagerImpl.java:596)
	at com.jfinal.server.undertow.UndertowServer.configHttp(UndertowServer.java:277)
	at com.jfinal.server.undertow.UndertowServer.doStart(UndertowServer.java:255)
	at com.jfinal.server.undertow.UndertowServer.start(UndertowServer.java:152)
	at com.wdy.Application.main(Application.java:24)
Caused by: org.postgresql.util.PSQLException: ERROR: relation "mem_unit_institution" does not exist
  位置：15
	at org.postgresql.core.v3.QueryExecutorImpl.receiveErrorResponse(QueryExecutorImpl.java:2440)
	at org.postgresql.core.v3.QueryExecutorImpl.processResults(QueryExecutorImpl.java:2183)
	at org.postgresql.core.v3.QueryExecutorImpl.execute(QueryExecutorImpl.java:308)
	at org.postgresql.jdbc.PgStatement.executeInternal(PgStatement.java:441)
	at org.postgresql.jdbc.PgStatement.execute(PgStatement.java:365)
	at org.postgresql.jdbc.PgStatement.executeWithFlags(PgStatement.java:307)
	at org.postgresql.jdbc.PgStatement.executeCachedSql(PgStatement.java:293)
	at org.postgresql.jdbc.PgStatement.executeWithFlags(PgStatement.java:270)
	at org.postgresql.jdbc.PgStatement.executeQuery(PgStatement.java:224)
	at com.alibaba.druid.pool.DruidPooledStatement.executeQuery(DruidPooledStatement.java:291)
	at com.jfinal.plugin.activerecord.TableBuilder.doBuild(TableBuilder.java:71)
	at com.jfinal.plugin.activerecord.TableBuilder.build(TableBuilder.java:47)
	... 17 more
